#
# A fatal error has been detected by the Java Runtime Environment:
#
#  Internal Error (javaCalls.cpp:51), pid=904, tid=1124
#  guarantee(thread->is_Java_thread()) failed: crucial check - the VM thread cannot and must not escape to Java code
#
# JRE version: Java(TM) SE Runtime Environment (8.0_25-b18) (build 1.8.0_25-b18)
# Java VM: Java HotSpot(TM) 64-Bit Server VM (25.25-b02 mixed mode windows-amd64 compressed oops)
# Failed to write core dump. Minidumps are not enabled by default on client versions of Windows
#
# If you would like to submit a bug report, please visit:
#   http://bugreport.sun.com/bugreport/crash.jsp
#

---------------  T H R E A D  ---------------

Current thread (0x0000000014a76000):  VMThread [stack: 0x00000000154e0000,0x00000000155e0000] [id=1124]

Stack: [0x00000000154e0000,0x00000000155e0000]
Native frames: (J=compiled Java code, j=interpreted, Vv=VM code, C=native code)
V  [jvm.dll+0x31667a]
V  [jvm.dll+0x267073]
V  [jvm.dll+0x267cb3]
V  [jvm.dll+0x25f4c7]
V  [jvm.dll+0x1fb1f8]
V  [jvm.dll+0x1fbb9f]
V  [jvm.dll+0x3164e2]
V  [jvm.dll+0x1fc5f1]
V  [jvm.dll+0x2602ed]
V  [jvm.dll+0x260381]
V  [jvm.dll+0x2605d5]
V  [jvm.dll+0x260629]
V  [jvm.dll+0xedd18]
V  [jvm.dll+0xf0a03]
V  [jvm.dll+0xf335d]
V  [jvm.dll+0xf35f2]
V  [jvm.dll+0xb60ae]
V  [jvm.dll+0xb6700]
V  [jvm.dll+0xb6d2a]
V  [jvm.dll+0xff11c]
V  [jvm.dll+0x11c43f]
V  [jvm.dll+0x22d2c2]
V  [jvm.dll+0x1accae]
V  [jvm.dll+0x2325e7]
V  [jvm.dll+0x231826]
V  [jvm.dll+0x231cc1]
V  [jvm.dll+0x231ede]
V  [jvm.dll+0x2852fa]
C  [msvcr100.dll+0x21d9f]
C  [msvcr100.dll+0x21e3b]
C  [KERNEL32.DLL+0x13d2]
C  [ntdll.dll+0x15454]

VM_Operation (0x0000000015edeef0): GetOrSetLocal, mode: safepoint, requested by thread 0x0000000015a47800


---------------  P R O C E S S  ---------------

Java Threads: ( => current thread )
  0x0000000018b22800 JavaThread "Thread-43" daemon [_thread_blocked, id=652, stack(0x0000000031c70000,0x0000000031d70000)]
  0x0000000018b25000 JavaThread "Thread-41" daemon [_thread_blocked, id=5308, stack(0x0000000032470000,0x0000000032570000)]
  0x0000000018b27000 JavaThread "Thread-42" daemon [_thread_blocked, id=3232, stack(0x000000001e1d0000,0x000000001e2d0000)]
  0x00000000173fd000 JavaThread "Thread-40" daemon [_thread_blocked, id=388, stack(0x0000000030650000,0x0000000030750000)]
  0x00000000173fe000 JavaThread "Thread-39" daemon [_thread_blocked, id=4124, stack(0x0000000031380000,0x0000000031480000)]
  0x00000000173fa000 JavaThread "Thread-38" daemon [_thread_blocked, id=4152, stack(0x0000000030b50000,0x0000000030c50000)]
  0x00000000173f9800 JavaThread "Thread-37" daemon [_thread_blocked, id=4696, stack(0x000000002ff50000,0x0000000030050000)]
  0x00000000173f8800 JavaThread "__ejb-thread-pool16" daemon [_thread_blocked, id=4652, stack(0x000000002fe50000,0x000000002ff50000)]
  0x00000000173f6800 JavaThread "__ejb-thread-pool15" daemon [_thread_blocked, id=1276, stack(0x000000002c760000,0x000000002c860000)]
  0x00000000173f5000 JavaThread "__ejb-thread-pool14" daemon [_thread_blocked, id=4700, stack(0x0000000024c90000,0x0000000024d90000)]
  0x00000000173f8000 JavaThread "__ejb-thread-pool13" daemon [_thread_blocked, id=4644, stack(0x0000000024b90000,0x0000000024c90000)]
  0x00000000173f7000 JavaThread "__ejb-thread-pool12" daemon [_thread_blocked, id=5076, stack(0x0000000024a90000,0x0000000024b90000)]
  0x00000000173f1000 JavaThread "__ejb-thread-pool11" daemon [_thread_blocked, id=5960, stack(0x0000000024990000,0x0000000024a90000)]
  0x00000000173f4000 JavaThread "__ejb-thread-pool10" daemon [_thread_blocked, id=3784, stack(0x0000000024890000,0x0000000024990000)]
  0x00000000173f0800 JavaThread "__ejb-thread-pool9" daemon [_thread_blocked, id=2896, stack(0x0000000024790000,0x0000000024890000)]
  0x00000000173f3800 JavaThread "__ejb-thread-pool8" daemon [_thread_blocked, id=5296, stack(0x0000000024690000,0x0000000024790000)]
  0x00000000173f2800 JavaThread "__ejb-thread-pool7" daemon [_thread_blocked, id=5332, stack(0x0000000024590000,0x0000000024690000)]
  0x00000000173ef000 JavaThread "__ejb-thread-pool6" daemon [_thread_blocked, id=2876, stack(0x0000000024490000,0x0000000024590000)]
  0x000000001c86e000 JavaThread "__ejb-thread-pool5" daemon [_thread_blocked, id=5380, stack(0x00000000228f0000,0x00000000229f0000)]
  0x000000001c871000 JavaThread "__ejb-thread-pool4" daemon [_thread_blocked, id=4196, stack(0x0000000021de0000,0x0000000021ee0000)]
  0x000000001c870800 JavaThread "__ejb-thread-pool3" daemon [_thread_blocked, id=4012, stack(0x0000000020bb0000,0x0000000020cb0000)]
  0x000000001c86d800 JavaThread "__ejb-thread-pool2" daemon [_thread_blocked, id=4804, stack(0x000000001e8d0000,0x000000001e9d0000)]
  0x000000001c86f800 JavaThread "__ejb-thread-pool1" daemon [_thread_blocked, id=3640, stack(0x00000000196a0000,0x00000000197a0000)]
  0x000000001c86c000 JavaThread "Thread-36" daemon [_thread_blocked, id=928, stack(0x0000000035bb0000,0x0000000035cb0000)]
  0x000000001c86b000 JavaThread "Thread-35" daemon [_thread_blocked, id=5260, stack(0x0000000035ab0000,0x0000000035bb0000)]
  0x000000001c86a800 JavaThread "ContainerBackgroundProcessor[StandardEngine[glassfish-web].StandardHost[server].StandardContext[/GPMIS_Web]]" daemon [_thread_blocked, id=6036, stack(0x00000000355f0000,0x00000000356f0000)]
  0x000000001c869800 JavaThread "Thread-32" daemon [_thread_blocked, id=3440, stack(0x0000000034f90000,0x0000000035090000)]
  0x000000001a012800 JavaThread "JDWP Command Reader" daemon [_thread_in_native, id=6104, stack(0x000000001baf0000,0x000000001bbf0000)]
  0x0000000015d9c000 JavaThread "pool-33-thread-1" [_thread_blocked, id=2664, stack(0x000000001e7d0000,0x000000001e8d0000)]
  0x0000000015d97000 JavaThread "SCR Component Actor" daemon [_thread_blocked, id=1344, stack(0x000000001d0d0000,0x000000001d1d0000)]
  0x0000000015d9a000 JavaThread "fileinstall-D:\glassfishv4.1\glassfish\domains\domain1/autodeploy/bundles/" daemon [_thread_blocked, id=5884, stack(0x000000001cbf0000,0x000000001ccf0000)]
  0x000000002877e000 JavaThread "http-listener-1-kernel(8)" daemon [_thread_blocked, id=2008, stack(0x00000000332d0000,0x00000000333d0000)]
  0x000000001a01f800 JavaThread "http-listener-1-kernel(7)" daemon [_thread_blocked, id=1972, stack(0x00000000331d0000,0x00000000332d0000)]
  0x000000001a01f000 JavaThread "http-listener-1-kernel(6)" daemon [_thread_blocked, id=5740, stack(0x0000000032370000,0x0000000032470000)]
  0x000000001a020800 JavaThread "http-listener-1-kernel(5)" daemon [_thread_blocked, id=5648, stack(0x0000000032270000,0x0000000032370000)]
  0x000000001a01e000 JavaThread "http-listener-1-kernel(4)" daemon [_thread_blocked, id=6012, stack(0x0000000032170000,0x0000000032270000)]
  0x000000001a01a800 JavaThread "http-listener-1-kernel(3) SelectorRunner" daemon [_thread_in_native, id=980, stack(0x0000000032070000,0x0000000032170000)]
  0x000000001a01c800 JavaThread "http-listener-1-kernel(2) SelectorRunner" daemon [_thread_in_native, id=2796, stack(0x0000000031f70000,0x0000000032070000)]
  0x000000001a019000 JavaThread "http-listener-1-kernel(1) SelectorRunner" daemon [_thread_in_native, id=4520, stack(0x0000000031e70000,0x0000000031f70000)]
  0x000000001a019800 JavaThread "http-listener-1-expirer(1)" daemon [_thread_blocked, id=3600, stack(0x0000000031d70000,0x0000000031e70000)]
  0x000000001a015000 JavaThread "http-listener-1(5)" daemon [_thread_blocked, id=2960, stack(0x0000000030a50000,0x0000000030b50000)]
  0x000000001a018000 JavaThread "http-listener-1(4)" daemon [_thread_blocked, id=5664, stack(0x0000000030950000,0x0000000030a50000)]
  0x000000001a017800 JavaThread "http-listener-1(3)" daemon [_thread_blocked, id=5984, stack(0x000000001d7d0000,0x000000001d8d0000)]
  0x000000001a011000 JavaThread "http-listener-1(2)" daemon [_thread_blocked, id=1792, stack(0x000000001d6d0000,0x000000001d7d0000)]
  0x000000001a014800 JavaThread "http-listener-1(1)" daemon [_thread_blocked, id=4160, stack(0x000000001d5d0000,0x000000001d6d0000)]
  0x000000002877a800 JavaThread "connector-timer-proxy" daemon [_thread_blocked, id=6048, stack(0x0000000031480000,0x0000000031580000)]
  0x000000002877d800 JavaThread "Timer-2" daemon [_thread_blocked, id=6044, stack(0x0000000031120000,0x0000000031220000)]
  0x000000002877c800 JavaThread "RMI RenewClean-[10.1.6.111:8686]" daemon [_thread_blocked, id=5764, stack(0x0000000031280000,0x0000000031380000)]
  0x000000002877b000 JavaThread "RMI Scheduler(0)" daemon [_thread_blocked, id=5236, stack(0x000000001e6d0000,0x000000001e7d0000)]
  0x0000000028776000 JavaThread "Configuration Updater" daemon [_thread_blocked, id=3872, stack(0x000000001e4d0000,0x000000001e5d0000)]
  0x0000000028779000 JavaThread "DestroyJavaVM" [_thread_blocked, id=1804, stack(0x0000000002320000,0x0000000002420000)]
  0x0000000028776800 JavaThread "GlassFish Kernel Main Thread" [_thread_blocked, id=3160, stack(0x000000001e0d0000,0x000000001e1d0000)]
  0x0000000028778000 JavaThread "PingService" daemon [_thread_blocked, id=2236, stack(0x000000001dfd0000,0x000000001e0d0000)]
  0x0000000028774800 JavaThread "GC Daemon" daemon [_thread_blocked, id=268, stack(0x000000001dcd0000,0x000000001ddd0000)]
  0x0000000028777800 JavaThread "RMI Reaper" [_thread_blocked, id=164, stack(0x000000001dbd0000,0x000000001dcd0000)]
  0x0000000028770800 JavaThread "http-listener-2-kernel(8) SelectorRunner" daemon [_thread_in_native, id=5864, stack(0x00000000330d0000,0x00000000331d0000)]
  0x0000000028773800 JavaThread "http-listener-2-kernel(7) SelectorRunner" daemon [_thread_in_native, id=3388, stack(0x0000000032fd0000,0x00000000330d0000)]
  0x0000000028770000 JavaThread "http-listener-2-kernel(6) SelectorRunner" daemon [_thread_in_native, id=920, stack(0x0000000032ed0000,0x0000000032fd0000)]
  0x0000000028773000 JavaThread "http-listener-2-kernel(5)" daemon [_thread_blocked, id=5680, stack(0x0000000032dd0000,0x0000000032ed0000)]
  0x000000002876f000 JavaThread "http-listener-2-kernel(4)" daemon [_thread_blocked, id=3796, stack(0x0000000032cd0000,0x0000000032dd0000)]
  0x0000000028772000 JavaThread "http-listener-2-kernel(3)" daemon [_thread_blocked, id=4496, stack(0x0000000032bd0000,0x0000000032cd0000)]
  0x0000000028771800 JavaThread "http-listener-2-kernel(2)" daemon [_thread_blocked, id=3856, stack(0x0000000032ad0000,0x0000000032bd0000)]
  0x00000000173f2000 JavaThread "http-listener-2-kernel(1)" daemon [_thread_blocked, id=264, stack(0x00000000329d0000,0x0000000032ad0000)]
  0x000000001a01d800 JavaThread "http-listener-2-expirer(1)" daemon [_thread_blocked, id=3652, stack(0x00000000328d0000,0x00000000329d0000)]
  0x000000001a01c000 JavaThread "http-listener-2(5)" daemon [_thread_blocked, id=3236, stack(0x00000000327d0000,0x00000000328d0000)]
  0x000000001a01b000 JavaThread "http-listener-2(4)" daemon [_thread_blocked, id=6052, stack(0x00000000326d0000,0x00000000327d0000)]
  0x0000000018b31000 JavaThread "http-listener-2(3)" daemon [_thread_blocked, id=5856, stack(0x000000001e5d0000,0x000000001e6d0000)]
  0x0000000018b2e000 JavaThread "http-listener-2(2)" daemon [_thread_blocked, id=4620, stack(0x000000001e3d0000,0x000000001e4d0000)]
  0x0000000018b30800 JavaThread "http-listener-2(1)" daemon [_thread_blocked, id=2700, stack(0x000000001e2d0000,0x000000001e3d0000)]
  0x0000000018b28800 JavaThread "RMI TCP Accept-8686" daemon [_thread_in_native, id=5828, stack(0x0000000031970000,0x0000000031a70000)]
  0x0000000018b2b000 JavaThread "JMS_PROXY_default_JMS_host-kernel(1) SelectorRunner" daemon [_thread_in_native, id=300, stack(0x0000000031870000,0x0000000031970000)]
  0x0000000018b25800 JavaThread "pool-26-thread-1" daemon [_thread_blocked, id=3088, stack(0x000000002dce0000,0x000000002dde0000)]
  0x0000000018b23800 JavaThread "pool-24-thread-1" daemon [_thread_blocked, id=852, stack(0x00000000278f0000,0x00000000279f0000)]
  0x0000000018b22000 JavaThread "pool-23-thread-1" daemon [_thread_blocked, id=3824, stack(0x0000000027100000,0x0000000027200000)]
  0x0000000015d95800 JavaThread "pool-22-thread-1" daemon [_thread_blocked, id=5600, stack(0x000000001af10000,0x000000001b010000)]
  0x0000000018a10000 JavaThread "pool-21-thread-1" daemon [_thread_blocked, id=1456, stack(0x000000001abc0000,0x000000001acc0000)]
  0x0000000018a0b800 JavaThread "p: thread-pool-1; w: 5" daemon [_thread_blocked, id=1144, stack(0x0000000025590000,0x0000000025690000)]
  0x0000000018a0e800 JavaThread "p: thread-pool-1; w: 4" daemon [_thread_blocked, id=5588, stack(0x0000000025490000,0x0000000025590000)]
  0x0000000018a0b000 JavaThread "p: thread-pool-1; w: 3" daemon [_thread_blocked, id=3868, stack(0x0000000025390000,0x0000000025490000)]
  0x0000000018a0e000 JavaThread "p: thread-pool-1; w: 2" daemon [_thread_blocked, id=5904, stack(0x0000000025290000,0x0000000025390000)]
  0x0000000018a0a000 JavaThread "p: thread-pool-1; w: 1" daemon [_thread_blocked, id=352, stack(0x0000000025190000,0x0000000025290000)]
  0x0000000018a0d000 JavaThread "dol-jar-scanner" daemon [_thread_blocked, id=5548, stack(0x0000000024e90000,0x0000000024f90000)]
  0x0000000018a0c800 JavaThread "dol-jar-scanner" daemon [_thread_blocked, id=3708, stack(0x0000000024d90000,0x0000000024e90000)]
  0x00000000173ef800 JavaThread "ContainerBackgroundProcessor[StandardEngine[glassfish-web].StandardHost[server].StandardContext[/__wstx-services]]" daemon [_thread_blocked, id=5876, stack(0x0000000021ce0000,0x0000000021de0000)]
  0x00000000178a0800 JavaThread "ContainerBackgroundProcessor[StandardEngine[glassfish-web]]" daemon [_thread_blocked, id=1420, stack(0x00000000208b0000,0x00000000209b0000)]
  0x000000001789f800 JavaThread "ContainerBackgroundProcessor[StandardEngine[glassfish-web].StandardHost[server].StandardContext[]]" daemon [_thread_blocked, id=4368, stack(0x00000000207b0000,0x00000000208b0000)]
  0x00000000178a1000 JavaThread "Timer-1" daemon [_thread_blocked, id=4380, stack(0x000000001fbd0000,0x000000001fcd0000)]
  0x00000000178a2800 JavaThread "deployment-jar-scanner" daemon [_thread_blocked, id=3152, stack(0x000000001fad0000,0x000000001fbd0000)]
  0x000000001789f000 JavaThread "iiop-service-kernel(1) SelectorRunner" daemon [_thread_in_native, id=4536, stack(0x000000001f7d0000,0x000000001f8d0000)]
  0x00000000178a2000 JavaThread "admin-listener-kernel(8) SelectorRunner" daemon [_thread_in_native, id=1656, stack(0x000000001f6d0000,0x000000001f7d0000)]
  0x000000001789d800 JavaThread "admin-listener-kernel(7)" daemon [_thread_blocked, id=5088, stack(0x000000001f5d0000,0x000000001f6d0000)]
  0x000000001789e000 JavaThread "admin-listener-kernel(6)" daemon [_thread_blocked, id=2212, stack(0x000000001f4d0000,0x000000001f5d0000)]
  0x000000001789a800 JavaThread "admin-listener-kernel(5)" daemon [_thread_blocked, id=2884, stack(0x000000001f3d0000,0x000000001f4d0000)]
  0x000000001789c000 JavaThread "admin-listener-kernel(4)" daemon [_thread_blocked, id=6016, stack(0x000000001f2d0000,0x000000001f3d0000)]
  0x0000000017899800 JavaThread "admin-listener-kernel(3)" daemon [_thread_blocked, id=4276, stack(0x000000001f1d0000,0x000000001f2d0000)]
  0x000000001789c800 JavaThread "admin-listener-kernel(2) SelectorRunner" daemon [_thread_in_native, id=4244, stack(0x000000001f0d0000,0x000000001f1d0000)]
  0x000000001789b000 JavaThread "admin-listener-kernel(1) SelectorRunner" daemon [_thread_in_native, id=4688, stack(0x000000001efd0000,0x000000001f0d0000)]
  0x0000000017899000 JavaThread "admin-listener-expirer(1)" daemon [_thread_blocked, id=2248, stack(0x000000001eed0000,0x000000001efd0000)]
  0x0000000017895000 JavaThread "admin-listener(5)" daemon [_thread_blocked, id=4508, stack(0x000000001edd0000,0x000000001eed0000)]
  0x0000000017898000 JavaThread "admin-listener(4)" daemon [_thread_blocked, id=4640, stack(0x000000001ecd0000,0x000000001edd0000)]
  0x0000000017897800 JavaThread "admin-listener(3)" daemon [_thread_blocked, id=1868, stack(0x000000001ebd0000,0x000000001ecd0000)]
  0x0000000017896000 JavaThread "admin-listener(2)" daemon [_thread_blocked, id=5524, stack(0x000000001ead0000,0x000000001ebd0000)]
  0x0000000017896800 JavaThread "admin-listener(1)" daemon [_thread_blocked, id=4188, stack(0x000000001e9d0000,0x000000001ead0000)]
  0x000000001a016800 JavaThread "deployment-jar-scanner" daemon [_thread_blocked, id=4864, stack(0x000000001dad0000,0x000000001dbd0000)]
  0x0000000015d98000 JavaThread "transaction-manager" daemon [_thread_blocked, id=3108, stack(0x000000001cfd0000,0x000000001d0d0000)]
  0x0000000015d96800 JavaThread "Grizzly-HttpSession-Expirer" daemon [_thread_blocked, id=2748, stack(0x000000001cd40000,0x000000001ce40000)]
  0x0000000015d99800 JavaThread "Thread-11" daemon [_thread_blocked, id=5376, stack(0x000000001b6f0000,0x000000001b7f0000)]
  0x0000000015d95000 JavaThread "Thread-9" daemon [_thread_blocked, id=4264, stack(0x000000001b1f0000,0x000000001b2f0000)]
  0x0000000019076800 JavaThread "Thread-8" daemon [_thread_blocked, id=6008, stack(0x000000001b0f0000,0x000000001b1f0000)]
  0x000000001660f000 JavaThread "Thread-7" daemon [_thread_blocked, id=3316, stack(0x000000001acc0000,0x000000001adc0000)]
  0x0000000017263800 JavaThread "pool-1-thread-1" daemon [_thread_blocked, id=4692, stack(0x000000001ae10000,0x000000001af10000)]
  0x0000000017f7b800 JavaThread "Timer-0" daemon [_thread_blocked, id=272, stack(0x0000000018090000,0x0000000018190000)]
  0x0000000016954800 JavaThread "FelixStartLevel" daemon [_thread_blocked, id=3324, stack(0x0000000016be0000,0x0000000016ce0000)]
  0x0000000015d8a800 JavaThread "FelixDispatchQueue" daemon [_thread_blocked, id=4408, stack(0x0000000016fc0000,0x00000000170c0000)]
  0x0000000015acf800 JavaThread "Service Thread" daemon [_thread_blocked, id=4772, stack(0x00000000161e0000,0x00000000162e0000)]
  0x0000000015ab9800 JavaThread "C1 CompilerThread1" daemon [_thread_blocked, id=6096, stack(0x00000000160e0000,0x00000000161e0000)]
  0x0000000015a62800 JavaThread "C2 CompilerThread0" daemon [_thread_blocked, id=5676, stack(0x0000000015fe0000,0x00000000160e0000)]
  0x0000000015a55800 JavaThread "JDWP Event Helper Thread" daemon [_thread_blocked, id=2484, stack(0x0000000015ee0000,0x0000000015fe0000)]
  0x0000000015a47800 JavaThread "JDWP Transport Listener: dt_socket" daemon [_thread_blocked, id=1796, stack(0x0000000015de0000,0x0000000015ee0000)]
  0x0000000014aaf000 JavaThread "Attach Listener" daemon [_thread_blocked, id=3864, stack(0x00000000158e0000,0x00000000159e0000)]
  0x0000000014aab800 JavaThread "Signal Dispatcher" daemon [_thread_blocked, id=4664, stack(0x00000000157e0000,0x00000000158e0000)]
  0x0000000002619000 JavaThread "Finalizer" daemon [_thread_blocked, id=5220, stack(0x00000000156e0000,0x00000000157e0000)]
  0x0000000002611000 JavaThread "Reference Handler" daemon [_thread_blocked, id=6040, stack(0x00000000155e0000,0x00000000156e0000)]

Other Threads:
=>0x0000000014a76000 VMThread [stack: 0x00000000154e0000,0x00000000155e0000] [id=1124]
  0x0000000015ad3000 WatcherThread [stack: 0x00000000162e0000,0x00000000163e0000] [id=528]

VM state:at safepoint (normal execution)

VM Mutex/Monitor currently owned by a thread:  ([mutex/lock_event])
[0x00000000025217d0] Threads_lock - owner thread: 0x0000000014a76000

Heap:
 PSYoungGen      total 247808K, used 75025K [0x00000000eab00000, 0x00000000fb980000, 0x0000000100000000)
  eden space 244224K, 29% used [0x00000000eab00000,0x00000000ef0f32b8,0x00000000f9980000)
  from space 3584K, 94% used [0x00000000fb080000,0x00000000fb3d1368,0x00000000fb400000)
  to   space 5632K, 0% used [0x00000000fb400000,0x00000000fb400000,0x00000000fb980000)
 ParOldGen       total 345088K, used 211795K [0x00000000c0000000, 0x00000000d5100000, 0x00000000eab00000)
  object space 345088K, 61% used [0x00000000c0000000,0x00000000cced4eb8,0x00000000d5100000)
 Metaspace       used 150556K, capacity 159626K, committed 163712K, reserved 1193984K
  class space    used 15873K, capacity 18561K, committed 19584K, reserved 1048576K

Card table byte_map: [0x00000000119e0000,0x0000000011bf0000] byte_map_base: 0x00000000113e0000

Marking Bits: (ParMarkBitMap*) 0x0000000063a5d490
 Begin Bits: [0x0000000011f50000, 0x0000000012f50000)
 End Bits:   [0x0000000012f50000, 0x0000000013f50000)

Polling page: 0x00000000005c0000

CodeCache: size=245760Kb used=84421Kb max_used=85022Kb free=161338Kb
 bounds [0x0000000002620000, 0x00000000079a0000, 0x0000000011620000]
 total_blobs=19592 nmethods=18953 adapters=555
 compilation: enabled

Compilation events (10 events):
Event: 60881.502 Thread 0x0000000015ab9800 26120       3       java.util.GregorianCalendar::getFixedDate (510 bytes)
Event: 60881.507 Thread 0x0000000015ab9800 nmethod 26120 0x000000000750e610 code [0x000000000750ea00, 0x0000000007511d98]
Event: 60881.507 Thread 0x0000000015ab9800 26121       3       java.util.Calendar::selectFields (672 bytes)
Event: 60881.509 Thread 0x0000000015ab9800 nmethod 26121 0x000000000535b450 code [0x000000000535b680, 0x000000000535c970]
Event: 60884.178 Thread 0x0000000015a62800 26122       4       org.glassfish.grizzly.http.util.CharChunk::append (139 bytes)
Event: 60884.193 Thread 0x0000000015a62800 nmethod 26122 0x00000000064f9650 code [0x00000000064f97e0, 0x00000000064f9fe8]
Event: 60884.193 Thread 0x0000000015a62800 26123       4       org.jboss.weld.resolution.ResolvableBuilder::addQualifiers (37 bytes)
Event: 60884.365 Thread 0x0000000015a62800 nmethod 26123 0x0000000007643650 code [0x0000000007643b20, 0x00000000076468b8]
Event: 60884.365 Thread 0x0000000015a62800 26124       4       java.io.StringWriter::write (17 bytes)
Event: 60884.391 Thread 0x0000000015a62800 nmethod 26124 0x00000000056c37d0 code [0x00000000056c3960, 0x00000000056c49b8]

GC Heap History (10 events):
Event: 59700.520 GC heap before
{Heap before GC invocations=444 (full 27):
 PSYoungGen      total 268288K, used 266394K [0x00000000eab00000, 0x00000000fb800000, 0x0000000100000000)
  eden space 265216K, 100% used [0x00000000eab00000,0x00000000fae00000,0x00000000fae00000)
  from space 3072K, 38% used [0x00000000fb500000,0x00000000fb626880,0x00000000fb800000)
  to   space 5120K, 0% used [0x00000000fae00000,0x00000000fae00000,0x00000000fb300000)
 ParOldGen       total 345088K, used 210237K [0x00000000c0000000, 0x00000000d5100000, 0x00000000eab00000)
  object space 345088K, 60% used [0x00000000c0000000,0x00000000ccd4f6a8,0x00000000d5100000)
 Metaspace       used 148913K, capacity 157744K, committed 163456K, reserved 1193984K
  class space    used 15801K, capacity 18418K, committed 19584K, reserved 1048576K
Event: 59700.529 GC heap after
Heap after GC invocations=444 (full 27):
 PSYoungGen      total 270336K, used 1236K [0x00000000eab00000, 0x00000000fbf80000, 0x0000000100000000)
  eden space 265216K, 0% used [0x00000000eab00000,0x00000000eab00000,0x00000000fae00000)
  from space 5120K, 24% used [0x00000000fae00000,0x00000000faf35010,0x00000000fb300000)
  to   space 4608K, 0% used [0x00000000fbb00000,0x00000000fbb00000,0x00000000fbf80000)
 ParOldGen       total 345088K, used 210237K [0x00000000c0000000, 0x00000000d5100000, 0x00000000eab00000)
  object space 345088K, 60% used [0x00000000c0000000,0x00000000ccd4f6a8,0x00000000d5100000)
 Metaspace       used 148913K, capacity 157744K, committed 163456K, reserved 1193984K
  class space    used 15801K, capacity 18418K, committed 19584K, reserved 1048576K
}
Event: 59881.687 GC heap before
{Heap before GC invocations=445 (full 27):
 PSYoungGen      total 270336K, used 266452K [0x00000000eab00000, 0x00000000fbf80000, 0x0000000100000000)
  eden space 265216K, 100% used [0x00000000eab00000,0x00000000fae00000,0x00000000fae00000)
  from space 5120K, 24% used [0x00000000fae00000,0x00000000faf35010,0x00000000fb300000)
  to   space 4608K, 0% used [0x00000000fbb00000,0x00000000fbb00000,0x00000000fbf80000)
 ParOldGen       total 345088K, used 210237K [0x00000000c0000000, 0x00000000d5100000, 0x00000000eab00000)
  object space 345088K, 60% used [0x00000000c0000000,0x00000000ccd4f6a8,0x00000000d5100000)
 Metaspace       used 149553K, capacity 158510K, committed 163456K, reserved 1193984K
  class space    used 15831K, capacity 18487K, committed 19584K, reserved 1048576K
Event: 59881.700 GC heap after
Heap after GC invocations=445 (full 27):
 PSYoungGen      total 274432K, used 2244K [0x00000000eab00000, 0x00000000fbd80000, 0x0000000100000000)
  eden space 271872K, 0% used [0x00000000eab00000,0x00000000eab00000,0x00000000fb480000)
  from space 2560K, 87% used [0x00000000fbb00000,0x00000000fbd31040,0x00000000fbd80000)
  to   space 4608K, 0% used [0x00000000fb480000,0x00000000fb480000,0x00000000fb900000)
 ParOldGen       total 345088K, used 210253K [0x00000000c0000000, 0x00000000d5100000, 0x00000000eab00000)
  object space 345088K, 60% used [0x00000000c0000000,0x00000000ccd536a8,0x00000000d5100000)
 Metaspace       used 149553K, capacity 158510K, committed 163456K, reserved 1193984K
  class space    used 15831K, capacity 18487K, committed 19584K, reserved 1048576K
}
Event: 60182.196 GC heap before
{Heap before GC invocations=446 (full 27):
 PSYoungGen      total 274432K, used 274116K [0x00000000eab00000, 0x00000000fbd80000, 0x0000000100000000)
  eden space 271872K, 100% used [0x00000000eab00000,0x00000000fb480000,0x00000000fb480000)
  from space 2560K, 87% used [0x00000000fbb00000,0x00000000fbd31040,0x00000000fbd80000)
  to   space 4608K, 0% used [0x00000000fb480000,0x00000000fb480000,0x00000000fb900000)
 ParOldGen       total 345088K, used 210253K [0x00000000c0000000, 0x00000000d5100000, 0x00000000eab00000)
  object space 345088K, 60% used [0x00000000c0000000,0x00000000ccd536a8,0x00000000d5100000)
 Metaspace       used 149687K, capacity 158714K, committed 163712K, reserved 1193984K
  class space    used 15848K, capacity 18537K, committed 19584K, reserved 1048576K
Event: 60182.219 GC heap after
Heap after GC invocations=446 (full 27):
 PSYoungGen      total 266752K, used 4125K [0x00000000eab00000, 0x00000000fbb80000, 0x0000000100000000)
  eden space 262144K, 0% used [0x00000000eab00000,0x00000000eab00000,0x00000000fab00000)
  from space 4608K, 89% used [0x00000000fb480000,0x00000000fb887640,0x00000000fb900000)
  to   space 2560K, 0% used [0x00000000fb900000,0x00000000fb900000,0x00000000fbb80000)
 ParOldGen       total 345088K, used 210269K [0x00000000c0000000, 0x00000000d5100000, 0x00000000eab00000)
  object space 345088K, 60% used [0x00000000c0000000,0x00000000ccd576a8,0x00000000d5100000)
 Metaspace       used 149687K, capacity 158714K, committed 163712K, reserved 1193984K
  class space    used 15848K, capacity 18537K, committed 19584K, reserved 1048576K
}
Event: 60726.869 GC heap before
{Heap before GC invocations=447 (full 27):
 PSYoungGen      total 266752K, used 266269K [0x00000000eab00000, 0x00000000fbb80000, 0x0000000100000000)
  eden space 262144K, 100% used [0x00000000eab00000,0x00000000fab00000,0x00000000fab00000)
  from space 4608K, 89% used [0x00000000fb480000,0x00000000fb887640,0x00000000fb900000)
  to   space 2560K, 0% used [0x00000000fb900000,0x00000000fb900000,0x00000000fbb80000)
 ParOldGen       total 345088K, used 210269K [0x00000000c0000000, 0x00000000d5100000, 0x00000000eab00000)
  object space 345088K, 60% used [0x00000000c0000000,0x00000000ccd576a8,0x00000000d5100000)
 Metaspace       used 150068K, capacity 159104K, committed 163712K, reserved 1193984K
  class space    used 15854K, capacity 18538K, committed 19584K, reserved 1048576K
Event: 60726.999 GC heap after
Heap after GC invocations=447 (full 27):
 PSYoungGen      total 255488K, used 2533K [0x00000000eab00000, 0x00000000fbb80000, 0x0000000100000000)
  eden space 252928K, 0% used [0x00000000eab00000,0x00000000eab00000,0x00000000fa200000)
  from space 2560K, 98% used [0x00000000fb900000,0x00000000fbb79768,0x00000000fbb80000)
  to   space 5632K, 0% used [0x00000000fb080000,0x00000000fb080000,0x00000000fb600000)
 ParOldGen       total 345088K, used 211795K [0x00000000c0000000, 0x00000000d5100000, 0x00000000eab00000)
  object space 345088K, 61% used [0x00000000c0000000,0x00000000cced4eb8,0x00000000d5100000)
 Metaspace       used 150068K, capacity 159104K, committed 163712K, reserved 1193984K
  class space    used 15854K, capacity 18538K, committed 19584K, reserved 1048576K
}
Event: 60879.462 GC heap before
{Heap before GC invocations=448 (full 27):
 PSYoungGen      total 255488K, used 255461K [0x00000000eab00000, 0x00000000fbb80000, 0x0000000100000000)
  eden space 252928K, 100% used [0x00000000eab00000,0x00000000fa200000,0x00000000fa200000)
  from space 2560K, 98% used [0x00000000fb900000,0x00000000fbb79768,0x00000000fbb80000)
  to   space 5632K, 0% used [0x00000000fb080000,0x00000000fb080000,0x00000000fb600000)
 ParOldGen       total 345088K, used 211795K [0x00000000c0000000, 0x00000000d5100000, 0x00000000eab00000)
  object space 345088K, 61% used [0x00000000c0000000,0x00000000cced4eb8,0x00000000d5100000)
 Metaspace       used 150551K, capacity 159626K, committed 163712K, reserved 1193984K
  class space    used 15873K, capacity 18561K, committed 19584K, reserved 1048576K
Event: 60879.498 GC heap after
Heap after GC invocations=448 (full 27):
 PSYoungGen      total 247808K, used 3396K [0x00000000eab00000, 0x00000000fb980000, 0x0000000100000000)
  eden space 244224K, 0% used [0x00000000eab00000,0x00000000eab00000,0x00000000f9980000)
  from space 3584K, 94% used [0x00000000fb080000,0x00000000fb3d1368,0x00000000fb400000)
  to   space 5632K, 0% used [0x00000000fb400000,0x00000000fb400000,0x00000000fb980000)
 ParOldGen       total 345088K, used 211795K [0x00000000c0000000, 0x00000000d5100000, 0x00000000eab00000)
  object space 345088K, 61% used [0x00000000c0000000,0x00000000cced4eb8,0x00000000d5100000)
 Metaspace       used 150551K, capacity 159626K, committed 163712K, reserved 1193984K
  class space    used 15873K, capacity 18561K, committed 19584K, reserved 1048576K
}

Deoptimization events (10 events):
Event: 59903.972 Thread 0x000000001a014800 Uncommon trap: reason=unreached action=reinterpret pc=0x0000000006f37f1c method=com.sun.faces.facelets.impl.DefaultFaceletFactory.getFacelet(Ljavax/faces/context/FacesContext;Ljava/net/URL;)Ljavax/faces/view/facelets/Facelet; @ 39
Event: 59904.027 Thread 0x000000001a014800 Uncommon trap: reason=unreached action=reinterpret pc=0x0000000006a8a348 method=com.sun.faces.application.annotation.ResourceDependencyHandler$Expressions.getName(Ljavax/faces/context/FacesContext;)Ljava/lang/String; @ 4
Event: 59904.074 Thread 0x000000001a014800 Uncommon trap: reason=unreached action=reinterpret pc=0x0000000006419030 method=org.primefaces.behavior.base.AbstractBehaviorHandler.getEventName()Ljava/lang/String; @ 4
Event: 59904.074 Thread 0x000000001a014800 Uncommon trap: reason=unreached action=reinterpret pc=0x00000000055ff694 method=org.primefaces.behavior.base.AbstractBehaviorHandler.getEventName()Ljava/lang/String; @ 4
Event: 59904.284 Thread 0x000000001a014800 Uncommon trap: reason=unloaded action=reinterpret pc=0x0000000006c458a8 method=oracle.net.ns.NetInputStream.getNextPacket()V @ 96
Event: 59904.284 Thread 0x000000001a014800 Uncommon trap: reason=unreached action=reinterpret pc=0x0000000003cfdd8c method=java.lang.ref.SoftReference.get()Ljava/lang/Object; @ 6
Event: 59904.346 Thread 0x000000001a014800 Uncommon trap: reason=unreached action=reinterpret pc=0x00000000057768f4 method=oracle.jdbc.driver.T4C8Oall.getNumRows()I @ 68
Event: 59904.347 Thread 0x000000001a014800 Uncommon trap: reason=unreached action=reinterpret pc=0x000000000608cd58 method=oracle.jdbc.driver.PhysicalConnection.addStatement(Loracle/jdbc/driver/OracleStatement;)V @ 46
Event: 59904.718 Thread 0x000000001a014800 Uncommon trap: reason=unreached action=reinterpret pc=0x00000000065732e8 method=com.sun.enterprise.resource.rm.SystemResourceManagerImpl.delistResource(Lcom/sun/enterprise/resource/ResourceHandle;I)V @ 17
Event: 60722.948 Thread 0x000000001a015000 Uncommon trap: reason=unreached action=reinterpret pc=0x0000000003ac61ac method=org.primefaces.model.LazyDataModel.isRowAvailable()Z @ 4

Internal exceptions (10 events):
Event: 60789.704 Thread 0x000000001a011000 Implicit null exception at 0x000000000713a18c to 0x000000000713d6b5
Event: 60789.704 Thread 0x000000001a011000 Exception <a 'java/lang/NullPointerException'> (0x00000000f465a940) thrown at [D:\re\workspace\8-2-build-windows-amd64-cygwin\jdk8u25\1677\hotspot\src\share\vm\runtime\sharedRuntime.cpp, line 604]
Event: 60791.471 Thread 0x000000001a017800 Implicit null exception at 0x000000000713a18c to 0x000000000713d6b5
Event: 60791.472 Thread 0x000000001a017800 Exception <a 'java/lang/NullPointerException'> (0x00000000f67b34a8) thrown at [D:\re\workspace\8-2-build-windows-amd64-cygwin\jdk8u25\1677\hotspot\src\share\vm\runtime\sharedRuntime.cpp, line 604]
Event: 60848.921 Thread 0x000000001a015000 Implicit null exception at 0x000000000713a18c to 0x000000000713d6b5
Event: 60848.921 Thread 0x000000001a015000 Exception <a 'java/lang/NullPointerException'> (0x00000000f865cc98) thrown at [D:\re\workspace\8-2-build-windows-amd64-cygwin\jdk8u25\1677\hotspot\src\share\vm\runtime\sharedRuntime.cpp, line 604]
Event: 60880.776 Thread 0x000000001a018000 Implicit null exception at 0x000000000713a18c to 0x000000000713d6b5
Event: 60880.776 Thread 0x000000001a018000 Exception <a 'java/lang/NullPointerException'> (0x00000000ec817a60) thrown at [D:\re\workspace\8-2-build-windows-amd64-cygwin\jdk8u25\1677\hotspot\src\share\vm\runtime\sharedRuntime.cpp, line 604]
Event: 60881.543 Thread 0x000000001a018000 Implicit null exception at 0x000000000713a18c to 0x000000000713d6b5
Event: 60881.543 Thread 0x000000001a018000 Exception <a 'java/lang/NullPointerException'> (0x00000000eea37920) thrown at [D:\re\workspace\8-2-build-windows-amd64-cygwin\jdk8u25\1677\hotspot\src\share\vm\runtime\sharedRuntime.cpp, line 604]

Events (10 events):
Event: 60884.307 Thread 0x0000000017895000 DEOPT UNPACKING pc=0x00000000026671bf sp=0x000000001eece158 mode 1
Event: 60884.307 Thread 0x0000000017895000 DEOPT PACKING pc=0x0000000006db1d6c sp=0x000000001eece490
Event: 60884.307 Thread 0x0000000017895000 DEOPT UNPACKING pc=0x00000000026671bf sp=0x000000001eece158 mode 1
Event: 60884.308 Thread 0x0000000017895000 DEOPT PACKING pc=0x0000000006db1d6c sp=0x000000001eece580
Event: 60884.308 Thread 0x0000000017895000 DEOPT UNPACKING pc=0x00000000026671bf sp=0x000000001eece248 mode 1
Event: 60884.309 Thread 0x0000000017895000 DEOPT PACKING pc=0x000000000377db98 sp=0x000000001eecd860
Event: 60884.309 Thread 0x0000000017895000 DEOPT UNPACKING pc=0x00000000026671bf sp=0x000000001eecd578 mode 1
Event: 60884.309 Thread 0x0000000017895000 DEOPT PACKING pc=0x0000000005c47704 sp=0x000000001eecd8b0
Event: 60884.309 Thread 0x0000000017895000 DEOPT UNPACKING pc=0x00000000026671bf sp=0x000000001eecd510 mode 1
Event: 60884.625 Executing VM operation: GetOrSetLocal


Dynamic libraries:
0x00007ff759c20000 - 0x00007ff759c54000 	C:\Program Files\Java\jdk1.8.0_25\bin\java.exe
0x00007ffc22c70000 - 0x00007ffc22e1c000 	C:\Windows\SYSTEM32\ntdll.dll
0x00007ffc21e50000 - 0x00007ffc21f8e000 	C:\Windows\system32\KERNEL32.DLL
0x00007ffc201d0000 - 0x00007ffc202e5000 	C:\Windows\system32\KERNELBASE.dll
0x00007ffc1e960000 - 0x00007ffc1e9ee000 	C:\Windows\system32\apphelp.dll
0x00007ffc18470000 - 0x00007ffc184c3000 	C:\Windows\AppPatch\AppPatch64\AcGenral.DLL
0x00007ffc22050000 - 0x00007ffc220fa000 	C:\Windows\system32\msvcrt.dll
0x00007ffc1fc10000 - 0x00007ffc1fc3e000 	C:\Windows\SYSTEM32\SspiCli.dll
0x00007ffc21df0000 - 0x00007ffc21e44000 	C:\Windows\system32\SHLWAPI.dll
0x00007ffc228a0000 - 0x00007ffc22a17000 	C:\Windows\system32\USER32.dll
0x00007ffc225b0000 - 0x00007ffc22744000 	C:\Windows\system32\ole32.dll
0x00007ffc208c0000 - 0x00007ffc21deb000 	C:\Windows\system32\SHELL32.dll
0x00007ffc1f3c0000 - 0x00007ffc1f3e1000 	C:\Windows\SYSTEM32\USERENV.dll
0x00007ffc22500000 - 0x00007ffc225aa000 	C:\Windows\system32\ADVAPI32.dll
0x00007ffc15330000 - 0x00007ffc1534e000 	C:\Windows\SYSTEM32\MPR.dll
0x00007ffc20750000 - 0x00007ffc20891000 	C:\Windows\system32\RPCRT4.dll
0x00007ffc202f0000 - 0x00007ffc20349000 	C:\Windows\SYSTEM32\sechost.dll
0x00007ffc22260000 - 0x00007ffc22471000 	C:\Windows\SYSTEM32\combase.dll
0x00007ffc22750000 - 0x00007ffc2289f000 	C:\Windows\system32\GDI32.dll
0x00007ffc1fdc0000 - 0x00007ffc1fdd5000 	C:\Windows\SYSTEM32\profapi.dll
0x00007ffc1e1e0000 - 0x00007ffc1e292000 	C:\Windows\SYSTEM32\SHCORE.dll
0x00007ffc20350000 - 0x00007ffc20386000 	C:\Windows\system32\IMM32.DLL
0x00007ffc22100000 - 0x00007ffc22252000 	C:\Windows\system32\MSCTF.dll
0x0000000063f20000 - 0x0000000063fa8000 	C:\Windows\System32\SYSFER.DLL
0x00007ffc1d900000 - 0x00007ffc1db7b000 	C:\Windows\WinSxS\amd64_microsoft.windows.common-controls_6595b64144ccf1df_6.0.9600.18006_none_623f33d3ecbe86e8\COMCTL32.dll
0x00000000631a0000 - 0x0000000063272000 	C:\Program Files\Java\jdk1.8.0_25\jre\bin\msvcr100.dll
0x0000000063280000 - 0x0000000063ada000 	C:\Program Files\Java\jdk1.8.0_25\jre\bin\server\jvm.dll
0x00007ffc182d0000 - 0x00007ffc182d9000 	C:\Windows\SYSTEM32\WSOCK32.dll
0x00007ffc185f0000 - 0x00007ffc18612000 	C:\Windows\SYSTEM32\WINMM.dll
0x00007ffc20740000 - 0x00007ffc20747000 	C:\Windows\system32\PSAPI.DLL
0x00007ffc22c10000 - 0x00007ffc22c6a000 	C:\Windows\system32\WS2_32.dll
0x00007ffc185a0000 - 0x00007ffc185ca000 	C:\Windows\SYSTEM32\WINMMBASE.dll
0x00007ffc206d0000 - 0x00007ffc206d9000 	C:\Windows\system32\NSI.dll
0x00007ffc1ff40000 - 0x00007ffc1ff8f000 	C:\Windows\SYSTEM32\cfgmgr32.dll
0x00007ffc1ebb0000 - 0x00007ffc1ebd8000 	C:\Windows\SYSTEM32\DEVOBJ.dll
0x0000000063150000 - 0x000000006315f000 	C:\Program Files\Java\jdk1.8.0_25\jre\bin\verify.dll
0x0000000063120000 - 0x0000000063148000 	C:\Program Files\Java\jdk1.8.0_25\jre\bin\java.dll
0x0000000062d50000 - 0x0000000062d85000 	C:\Program Files\Java\jdk1.8.0_25\jre\bin\jdwp.dll
0x0000000062d20000 - 0x0000000062d43000 	C:\Program Files\Java\jdk1.8.0_25\jre\bin\instrument.dll
0x0000000062e00000 - 0x0000000062e08000 	C:\Program Files\Java\jdk1.8.0_25\jre\bin\npt.dll
0x0000000063100000 - 0x0000000063116000 	C:\Program Files\Java\jdk1.8.0_25\jre\bin\zip.dll
0x0000000062d10000 - 0x0000000062d19000 	C:\Program Files\Java\jdk1.8.0_25\jre\bin\dt_socket.dll
0x00007ffc1f650000 - 0x00007ffc1f6a9000 	C:\Windows\system32\mswsock.dll
0x00007ffc1f6b0000 - 0x00007ffc1f6d0000 	C:\Windows\SYSTEM32\CRYPTSP.dll
0x00007ffc1f2b0000 - 0x00007ffc1f2e6000 	C:\Windows\system32\rsaenh.dll
0x00007ffc1f900000 - 0x00007ffc1f926000 	C:\Windows\SYSTEM32\bcrypt.dll
0x00007ffc1fc40000 - 0x00007ffc1fca3000 	C:\Windows\system32\bcryptprimitives.dll
0x00007ffc1fd00000 - 0x00007ffc1fd0b000 	C:\Windows\SYSTEM32\CRYPTBASE.dll
0x00000000630e0000 - 0x00000000630fa000 	C:\Program Files\Java\jdk1.8.0_25\jre\bin\net.dll
0x00007ffc1b8a0000 - 0x00007ffc1b8ca000 	C:\Windows\SYSTEM32\IPHLPAPI.DLL
0x00007ffc1b830000 - 0x00007ffc1b83a000 	C:\Windows\SYSTEM32\WINNSI.DLL
0x00007ffc1b5c0000 - 0x00007ffc1b5d6000 	C:\Windows\SYSTEM32\dhcpcsvc6.DLL
0x00007ffc1b5a0000 - 0x00007ffc1b5ba000 	C:\Windows\SYSTEM32\dhcpcsvc.DLL
0x00000000630c0000 - 0x00000000630d1000 	C:\Program Files\Java\jdk1.8.0_25\jre\bin\nio.dll
0x00007ffc15a70000 - 0x00007ffc15a85000 	C:\Windows\system32\napinsp.dll
0x00007ffc15a90000 - 0x00007ffc15aaa000 	C:\Windows\system32\pnrpnsp.dll
0x00007ffc1c2d0000 - 0x00007ffc1c2eb000 	C:\Windows\system32\NLAapi.dll
0x00007ffc1f450000 - 0x00007ffc1f4f4000 	C:\Windows\SYSTEM32\DNSAPI.dll
0x00007ffc15e00000 - 0x00007ffc15e0d000 	C:\Windows\System32\winrnr.dll
0x00007ffc165d0000 - 0x00007ffc165da000 	C:\Windows\System32\rasadhlp.dll
0x00007ffc1b7c0000 - 0x00007ffc1b82b000 	C:\Windows\System32\fwpuclnt.dll
0x0000000062e70000 - 0x0000000062e7d000 	C:\Program Files\Java\jdk1.8.0_25\jre\bin\management.dll
0x0000000062e40000 - 0x0000000062e64000 	C:\Program Files\Java\jdk1.8.0_25\jre\bin\sunec.dll
0x0000000062f20000 - 0x00000000630b8000 	C:\Program Files\Java\jdk1.8.0_25\jre\bin\awt.dll
0x00007ffc20450000 - 0x00007ffc20511000 	C:\Windows\system32\OLEAUT32.dll
0x0000000062df0000 - 0x0000000062dfb000 	C:\Program Files\Java\jdk1.8.0_25\jre\bin\sunmscapi.dll
0x00007ffc1fff0000 - 0x00007ffc201cf000 	C:\Windows\system32\CRYPT32.dll
0x00007ffc1fe70000 - 0x00007ffc1fe81000 	C:\Windows\system32\MSASN1.dll
0x00007ffc16bf0000 - 0x00007ffc16d79000 	C:\Windows\SYSTEM32\dbghelp.dll

VM Arguments:
jvm_args: -Dorg.glassfish.additionalOSGiBundlesToStart=org.apache.felix.shell,org.apache.felix.gogo.runtime,org.apache.felix.gogo.shell,org.apache.felix.gogo.command,org.apache.felix.shell.remote,org.apache.felix.fileinstall -Djavax.management.builder.initial=com.sun.enterprise.v3.admin.AppServerMBeanServerBuilder -Djavax.net.ssl.keyStore=D:\glassfishv4.1\glassfish\domains\domain1/config/keystore.jks -DANTLR_USE_DIRECT_CLASS_LOADING=true -Dcom.ctc.wstx.returnNullForDefaultNamespace=true -Dfelix.fileinstall.bundles.startTransient=true -Djavax.net.ssl.trustStore=D:\glassfishv4.1\glassfish\domains\domain1/config/cacerts.jks -Dosgi.shell.telnet.ip=127.0.0.1 -Dfelix.fileinstall.log.level=2 -XX:+UnlockDiagnosticVMOptions -Djava.security.auth.login.config=D:\glassfishv4.1\glassfish\domains\domain1/config/login.conf -Dfelix.fileinstall.disableConfigSave=false -Djava.awt.headless=true -Djdbc.drivers=org.apache.derby.jdbc.ClientDriver -Djdk.corba.allowOutputStreamSubclass=true -Dosgi.shell.telnet.port=6666 -Dosgi.shell.telnet.maxconn=1 -Djavax.xml.accessExternalSchema=all -Djava.ext.dirs=C:\Program Files\Java\jdk1.8.0_25/lib/ext;C:\Program Files\Java\jdk1.8.0_25/jre/lib/ext;D:\glassfishv4.1\glassfish\domains\domain1/lib/ext -Djava.security.policy=D:\glassfishv4.1\glassfish\domains\domain1/config/server.policy -Dgosh.args=--nointeractive -Dcom.sun.enterprise.config.config_environment_factory_class=com.sun.enterprise.config.serverbeans.AppserverConfigEnvironmentFactory -XX:MaxPermSize=256m -Djava.endorsed.dirs=D:\glassfishv4.1\glassfish/modules/endorsed;D:\glassfishv4.1\glassfish/lib/endorsed -Dcom.sun.enterprise.security.httpsOutboundKeyAlias=s1as -Dfelix.fileinstall.poll=5000 -Dfelix.fileinstall.bundles.new.start=true -Xmx1G -XX:NewRatio=2 -Dfelix.fileinstall.dir=D:\glassfishv4.1\glassfish/modules/autostart/ -javaagent:D:\glassfishv4.1\glassfish\lib\monitor\flashlight-agent.jar -Xdebug -Xrunjdwp:transport=dt_socket,address=9010,server=y,suspend=n -Dcom.sun.aas.derbyRoot=D:\glassfishv4.1\javadb -Dcom.sun.aas.instanceRoot=D:\glassfishv4.1\glassfish\domains\domain1 -Dcom.sun.aas.installRoot=D:\glassfishv4.1\glassfish -Dcom.sun.aas.javaRoot=C:\Program Files\Java\jdk1.8.0_25 
java_command: com.sun.enterprise.glassfish.bootstrap.ASMain --domain domain1 --domaindir D:\glassfishv4.1\glassfish\domains\domain1
java_class_path (initial): D:\glassfishv4.1\glassfish\modules\glassfish.jar;D:\glassfishv4.1\glassfish\lib\monitor\flashlight-agent.jar
Launcher Type: SUN_STANDARD

Environment Variables:
JAVA_HOME=C:\Program Files\Java\jdk1.8.0_25
PATH=C:\ProgramData\Oracle\Java\javapath;C:\Windows\system32;C:\Windows;C:\Windows\System32\Wbem;C:\Windows\System32\WindowsPowerShell\v1.0\;C:\Program Files\TortoiseSVN\bin
USERNAME=HANV
OS=Windows_NT
PROCESSOR_IDENTIFIER=Intel64 Family 6 Model 23 Stepping 10, GenuineIntel



---------------  S Y S T E M  ---------------

OS: Windows 8.1 , 64 bit Build 9600 

CPU:total 2 (2 cores per cpu, 1 threads per core) family 6 model 23 stepping 10, cmov, cx8, fxsr, mmx, sse, sse2, sse3, ssse3, sse4.1, tsc

Memory: 4k page, physical 4183540k(889136k free), swap 6064124k(1310952k free)

vm_info: Java HotSpot(TM) 64-Bit Server VM (25.25-b02) for windows-amd64 JRE (1.8.0_25-b18), built on Oct  7 2014 14:25:37 by "java_re" with MS VC++ 10.0 (VS2010)

time: Sat Apr 02 09:18:43 2016
elapsed time: 60884 seconds (0d 16h 54m 44s)

